# stats: dump at 1525517100
stats: users 10 10
stats: {cpu,"tsung_controller@localhost"} 1 1.7298088266976466 0 1.7298088266976466 1.7298088266976466 0 0
stats: {load,"tsung_controller@localhost"} 1 1.140625 0 1.140625 1.140625 0 0
stats: {freemem,"tsung_controller@localhost"} 1 1350.41015625 0 1350.41015625 1350.41015625 0 0
stats: users_count 10 10
stats: finish_users_count 0 0
stats: request 10 2.1094970703125 0.9308664251997794 4.841796875 1.508056640625 0 0
stats: connect 10 0.5497314453125 0.7269098583630587 2.72802734375 0.27294921875 0 0
stats: page 10 2.1094970703125 0.9308664251997794 4.841796875 1.508056640625 0 0
stats: 200 10 10
stats: size_rcv 22080 22080
stats: size_sent 15060 15060
stats: connected 10 10
# stats: dump at 1525517110
stats: users 10 10
stats: {cpu,"tsung_controller@localhost"} 1 100.0 0.0 100.0 1.7298088266976466 1.7298088266976466 1
stats: {load,"tsung_controller@localhost"} 1 3.640625 0.0 3.640625 1.140625 1.140625 1
stats: {freemem,"tsung_controller@localhost"} 1 1332.6796875 0.0 1350.41015625 1332.6796875 1350.41015625 1
stats: users_count 0 10
stats: finish_users_count 0 0
stats: request 0 0 0 4.841796875 1.508056640625 2.1094970703125 10
stats: connect 0 0 0 2.72802734375 0.27294921875 0.5497314453125 10
stats: page 0 0 0 4.841796875 1.508056640625 2.1094970703125 10
stats: 200 0 10
stats: size_rcv 0 22080
stats: size_sent 0 15060
stats: connected 0 10
# stats: dump at 1525517120
stats: users 8 10
stats: {cpu,"tsung_controller@localhost"} 1 100.0 0.0 100.0 1.7298088266976466 50.864904413348825 2
stats: {load,"tsung_controller@localhost"} 1 6.2890625 0.0 6.2890625 1.140625 2.390625 2
stats: {freemem,"tsung_controller@localhost"} 1 1331.7734375 0.0 1350.41015625 1331.7734375 1341.544921875 2
stats: session 2 23483.70458984375 1334.4794921875 24818.18408203125 22149.22509765625 0 0
stats: users_count 0 10
stats: finish_users_count 2 2
stats: request 2 23471.097900390625 1325.844970703125 24796.94287109375 1.508056640625 2.1094970703125 10
stats: page 2 23471.097900390625 1325.844970703125 24796.94287109375 1.508056640625 2.1094970703125 10
stats: 200 2 12
stats: connect 0 0 0 2.72802734375 0.27294921875 0.5497314453125 10
stats: size_rcv 2860 24940
stats: size_sent 0 15060
stats: connected -2 8
# stats: dump at 1525517130
stats: users 7 10
stats: {cpu,"tsung_controller@localhost"} 1 99.97514910536779 0.0 100.0 1.7298088266976466 67.24326960889921 3
stats: {load,"tsung_controller@localhost"} 1 7.390625 0.0 7.390625 1.140625 3.6901041666666665 3
stats: {freemem,"tsung_controller@localhost"} 1 1331.44140625 0.0 1350.41015625 1331.44140625 1338.2877604166667 3
stats: session 1 28331.72705078125 0.0 28331.72705078125 22149.22509765625 23483.70458984375 2
stats: users_count 0 10
stats: finish_users_count 1 3
stats: request 1 28327.510009765625 0.0 28327.510009765625 1.508056640625 3913.6075642903647 12
stats: connect 0 0 0 2.72802734375 0.27294921875 0.5497314453125 10
stats: page 1 28327.510009765625 0.0 28327.510009765625 1.508056640625 3913.6075642903647 12
stats: 200 1 13
stats: size_rcv 1430 26370
stats: size_sent 0 15060
stats: connected -1 7
# stats: dump at 1525517140
stats: users 5 10
stats: {cpu,"tsung_controller@localhost"} 1 100.0 0.0 100.0 1.7298088266976466 75.42623948301636 4
stats: {load,"tsung_controller@localhost"} 1 9.62890625 0.0 9.62890625 1.140625 4.615234375 4
stats: {freemem,"tsung_controller@localhost"} 1 1331.50390625 0.0 1350.41015625 1331.44140625 1336.576171875 4
stats: session 2 44271.73645019531 336.7095947265625 44608.446044921875 22149.22509765625 25099.712076822918 3
stats: users_count 0 10
stats: finish_users_count 2 5
stats: request 1 44604.60791015625 0.0 44604.60791015625 1.508056640625 5791.600060096154 13
stats: connect 0 0 0 2.72802734375 0.27294921875 0.5497314453125 10
stats: page 1 44604.60791015625 0.0 44604.60791015625 1.508056640625 5791.600060096154 13
stats: 200 1 14
stats: size_rcv 1430 27800
stats: size_sent 0 15060
stats: connected -1 6
# stats: dump at 1525517150
stats: users 4 10
stats: {cpu,"tsung_controller@localhost"} 1 99.27842746951978 0.0 100.0 1.7298088266976466 80.34099158641308 5
stats: {load,"tsung_controller@localhost"} 1 10.109375 0.0 10.109375 1.140625 5.61796875 5
stats: {freemem,"tsung_controller@localhost"} 1 1331.7578125 0.0 1350.41015625 1331.44140625 1335.56171875 5
stats: session 1 46510.169921875 0.0 46510.169921875 22149.22509765625 32768.52182617188 5
stats: users_count 0 10
stats: finish_users_count 1 6
stats: request 2 45218.220947265625 1287.634033203125 46505.85498046875 1.508056640625 8563.957763671875 14
stats: connect 0 0 0 2.72802734375 0.27294921875 0.5497314453125 10
stats: page 2 45218.220947265625 1287.634033203125 46505.85498046875 1.508056640625 8563.957763671875 14
stats: 200 2 16
stats: size_rcv 2860 30660
stats: size_sent 0 15060
stats: connected -2 4
# stats: dump at 1525517160
stats: users 4 10
stats: {cpu,"tsung_controller@localhost"} 1 100.0 0.0 100.0 1.7298088266976466 83.4972309002642 6
stats: {load,"tsung_controller@localhost"} 1 11.94140625 0.0 11.94140625 1.140625 6.366536458333333 6
stats: {freemem,"tsung_controller@localhost"} 1 1332.23046875 0.0 1350.41015625 1331.44140625 1334.927734375 6
stats: session 0 0 0 46510.169921875 22149.22509765625 35058.79650878906 6
stats: users_count 0 10
stats: finish_users_count 0 6
stats: request 0 0 0 46505.85498046875 1.508056640625 13145.740661621094 16
stats: connect 0 0 0 2.72802734375 0.27294921875 0.5497314453125 10
stats: page 0 0 0 46505.85498046875 1.508056640625 13145.740661621094 16
stats: 200 0 16
stats: size_rcv 0 30660
stats: size_sent 0 15060
stats: connected 0 4
# stats: dump at 1525517170
stats: users 0 10
stats: {cpu,"tsung_controller@localhost"} 1 100.0 0.0 100.0 1.7298088266976466 85.8547693430836 7
stats: {load,"tsung_controller@localhost"} 1 12.37890625 0.0 12.37890625 1.140625 7.162946428571429 7
stats: {freemem,"tsung_controller@localhost"} 1 1332.125 0.0 1350.41015625 1331.44140625 1334.5424107142858 7
stats: session 4 66938.6674194336 3046.457109406361 71082.3388671875 22149.22509765625 35058.79650878906 6
stats: users_count 0 10
stats: finish_users_count 4 10
stats: request 4 66934.68273925781 3046.488309717561 71078.4169921875 1.508056640625 13145.740661621094 16
stats: connect 0 0 0 2.72802734375 0.27294921875 0.5497314453125 10
stats: page 4 66934.68273925781 3046.488309717561 71078.4169921875 1.508056640625 13145.740661621094 16
stats: 200 4 20
stats: size_rcv 5720 36380
stats: size_sent 0 15060
stats: connected -4 0
# stats: dump at 1525517173
stats: users 0 10
stats: {cpu,"tsung_controller@localhost"} 1 76.61592213626153 0.0 100.0 1.7298088266976466 87.62292317519815 8
stats: {load,"tsung_controller@localhost"} 1 11.21875 0.0 12.37890625 1.140625 7.81494140625 8
stats: {freemem,"tsung_controller@localhost"} 1 1328.5859375 0.0 1350.41015625 1328.5859375 1334.240234375 8
stats: session 0 0 0 71082.3388671875 22149.22509765625 47810.744873046875 10
stats: users_count 0 10
stats: finish_users_count 0 10
stats: request 0 0 0 71078.4169921875 1.508056640625 23903.529077148436 20
stats: connect 0 0 0 2.72802734375 0.27294921875 0.5497314453125 10
stats: page 0 0 0 71078.4169921875 1.508056640625 23903.529077148436 20
stats: 200 0 20
stats: size_rcv 0 36380
stats: size_sent 0 15060
stats: connected 0 0
EndMonitor:{1525,517173,405959}
