
=INFO REPORT==== 5-May-2018::06:47:47 ===
    ts_config_server:(5:<0.95.0>) Config server started, logdir is "/home/bycc/NMTService/Tsung/log/20180505-0647"
 
=INFO REPORT==== 5-May-2018::06:47:47 ===
              ts_mon:(5:<0.76.0>) starting monitor, global 

=INFO REPORT==== 5-May-2018::06:47:47 ===
           ts_config:(5:<0.95.0>) Reading config file: tsung.xml

=INFO REPORT==== 5-May-2018::06:47:47 ===
      ts_config_http:(4:<0.95.0>) Get user agent: 80 "Mozilla/5.0 (X11; U; Linux i686; en-US; rv:1.7.8) Gecko/20050513 Galeon/1.3.21" 

=INFO REPORT==== 5-May-2018::06:47:47 ===
      ts_config_http:(4:<0.95.0>) Get user agent: 20 "Mozilla/5.0 (Windows; U; Windows NT 5.2; fr-FR; rv:1.7.8) Gecko/20050511 Firefox/1.0.4" 

=INFO REPORT==== 5-May-2018::06:47:47 ===
           ts_config:(5:<0.95.0>) Session name for id 1 is "rec20180505-0548"

=INFO REPORT==== 5-May-2018::06:47:47 ===
    ts_config_server:(4:<0.95.0>) SYSINFO:Tsung version: 1.6.0

=INFO REPORT==== 5-May-2018::06:47:47 ===
    ts_config_server:(4:<0.95.0>) SYSINFO:Erlang version: Erlang/OTP 19 [erts-8.2] [source] [64-bit] [smp:4:4] [async-threads:8] [hipe] [kernel-poll:true]


=INFO REPORT==== 5-May-2018::06:47:47 ===
    ts_config_server:(4:<0.95.0>) SYSINFO:System architecture x86_64-unknown-linux-gnu

=INFO REPORT==== 5-May-2018::06:47:47 ===
    ts_config_server:(4:<0.95.0>) SYSINFO:Current path: /usr/local/tsung/lib/erlang/lib/tsung-1.6.0/ebin/tsung.beam

=INFO REPORT==== 5-May-2018::06:47:47 ===
              ts_mon:(5:<0.96.0>) Activate clients with text backend

=INFO REPORT==== 5-May-2018::06:47:47 ===
              ts_mon:(5:<0.96.0>) Starting tsung clients on hosts: [localhost]

=INFO REPORT==== 5-May-2018::06:47:47 ===
    alarm_handler: {set,{system_memory_high_watermark,[]}}

=INFO REPORT==== 5-May-2018::06:47:47 ===
    ts_config_server:(5:<0.137.0>) Remote beam started on node tsung0@localhost 

=INFO REPORT==== 5-May-2018::06:47:47 ===
    ts_config_server:(5:<0.95.0>) All remote beams started, syncing 

=INFO REPORT==== 5-May-2018::06:47:47 ===
    ts_config_server:(5:<0.95.0>) Undefined ports_range config 

=INFO REPORT==== 5-May-2018::06:47:47 ===
    ts_config_server:(5:<0.95.0>) New arrival phase 1 for client "localhost" (last ? true): will start 10 users

=INFO REPORT==== 5-May-2018::06:48:59 ===
              ts_mon:(5:<0.96.0>) stopping monitor (normal)
