# stats: dump at 1525517277
stats: users 10 10
stats: {cpu,"tsung_controller@localhost"} 1 1.8596832797083316 0 1.8596832797083316 1.8596832797083316 0 0
stats: {load,"tsung_controller@localhost"} 1 2.30078125 0 2.30078125 2.30078125 0 0
stats: {freemem,"tsung_controller@localhost"} 1 1341.04296875 0 1341.04296875 1341.04296875 0 0
stats: users_count 10 10
stats: finish_users_count 0 0
stats: request 10 1.972900390625 0.35854497507191835 2.69091796875 1.59716796875 0 0
stats: connect 10 0.324072265625 0.04305497275063997 0.41015625 0.278076171875 0 0
stats: page 10 1.972900390625 0.35854497507191835 2.69091796875 1.59716796875 0 0
stats: 200 10 10
stats: size_rcv 22080 22080
stats: size_sent 15060 15060
stats: connected 10 10
# stats: dump at 1525517287
stats: users 10 10
stats: {cpu,"tsung_controller@localhost"} 1 78.53767719472768 0.0 78.53767719472768 1.8596832797083316 1.8596832797083316 1
stats: {load,"tsung_controller@localhost"} 1 2.8203125 0.0 2.8203125 2.30078125 2.30078125 1
stats: {freemem,"tsung_controller@localhost"} 1 1323.734375 0.0 1341.04296875 1323.734375 1341.04296875 1
stats: users_count 0 10
stats: finish_users_count 0 0
stats: request 0 0 0 2.69091796875 1.59716796875 1.972900390625 10
stats: connect 0 0 0 0.41015625 0.278076171875 0.324072265625 10
stats: page 0 0 0 2.69091796875 1.59716796875 1.972900390625 10
stats: 200 0 10
stats: size_rcv 0 22080
stats: size_sent 0 15060
stats: connected 0 10
# stats: dump at 1525517297
stats: users 7 10
stats: {cpu,"tsung_controller@localhost"} 1 100.0 0.0 100.0 1.8596832797083316 40.19868023721801 2
stats: {load,"tsung_controller@localhost"} 1 5.609375 0.0 5.609375 2.30078125 2.560546875 2
stats: {freemem,"tsung_controller@localhost"} 1 1323.22265625 0.0 1341.04296875 1323.22265625 1332.388671875 2
stats: session 3 22794.306640625 3272.330186938112 27418.3408203125 20321.205078125 0 0
stats: users_count 0 10
stats: finish_users_count 3 3
stats: connect 0 0 0 0.41015625 0.278076171875 0.324072265625 10
stats: request 2 20476.242065429688 159.8619384765625 20636.10400390625 1.59716796875 1.972900390625 10
stats: page 2 20476.242065429688 159.8619384765625 20636.10400390625 1.59716796875 1.972900390625 10
stats: 200 2 12
stats: size_rcv 2860 24940
stats: size_sent 0 15060
stats: connected -2 8
# stats: dump at 1525517307
stats: users 7 10
stats: {cpu,"tsung_controller@localhost"} 1 100.0 0.0 100.0 1.8596832797083316 60.13245349147868 3
stats: {load,"tsung_controller@localhost"} 1 6.609375 0.0 6.609375 2.30078125 3.5768229166666665 3
stats: {freemem,"tsung_controller@localhost"} 1 1323.26953125 0.0 1341.04296875 1323.22265625 1329.3333333333333 3
stats: session 0 0 0 27418.3408203125 20321.205078125 22794.306640625 3
stats: users_count 0 10
stats: finish_users_count 0 3
stats: connect 0 0 0 0.41015625 0.278076171875 0.324072265625 10
stats: request 1 27413.76708984375 0.0 27413.76708984375 1.59716796875 3414.3510945638022 12
stats: page 1 27413.76708984375 0.0 27413.76708984375 1.59716796875 3414.3510945638022 12
stats: 200 1 13
stats: size_rcv 1430 26370
stats: size_sent 0 15060
stats: connected -1 7
# stats: dump at 1525517317
stats: users 5 10
stats: {cpu,"tsung_controller@localhost"} 1 100.0 0.0 100.0 1.8596832797083316 70.099340118609 4
stats: {load,"tsung_controller@localhost"} 1 8.73828125 0.0 8.73828125 2.30078125 4.3349609375 4
stats: {freemem,"tsung_controller@localhost"} 1 1323.203125 0.0 1341.04296875 1323.203125 1327.8173828125 4
stats: session 2 37313.7333984375 1620.3525390625 38934.0859375 20321.205078125 22794.306640625 3
stats: users_count 0 10
stats: finish_users_count 2 5
stats: connect 0 0 0 0.41015625 0.278076171875 0.324072265625 10
stats: request 2 37309.18640136719 1620.6876220703125 38929.8740234375 1.59716796875 5260.4600172776445 13
stats: page 2 37309.18640136719 1620.6876220703125 38929.8740234375 1.59716796875 5260.4600172776445 13
stats: 200 2 15
stats: size_rcv 2860 29230
stats: size_sent 0 15060
stats: connected -2 5
# stats: dump at 1525517327
stats: users 4 10
stats: {cpu,"tsung_controller@localhost"} 1 100.0 0.0 100.0 1.8596832797083316 76.07947209488721 5
stats: {load,"tsung_controller@localhost"} 1 9.73046875 0.0 9.73046875 2.30078125 5.215625 5
stats: {freemem,"tsung_controller@localhost"} 1 1323.328125 0.0 1341.04296875 1323.203125 1326.89453125 5
stats: session 1 50513.680908203125 0.0 50513.680908203125 20321.205078125 28602.07734375 5
stats: users_count 0 10
stats: finish_users_count 1 6
stats: request 1 50509.760009765625 0.0 50509.760009765625 1.59716796875 9533.62353515625 15
stats: page 1 50509.760009765625 0.0 50509.760009765625 1.59716796875 9533.62353515625 15
stats: connect 0 0 0 0.41015625 0.278076171875 0.324072265625 10
stats: 200 1 16
stats: size_rcv 1430 30660
stats: size_sent 0 15060
stats: connected -1 4
# stats: dump at 1525517337
stats: users 2 10
stats: {cpu,"tsung_controller@localhost"} 1 100.0 0.0 100.0 1.8596832797083316 80.06622674573934 6
stats: {load,"tsung_controller@localhost"} 1 10.609375 0.0 10.609375 2.30078125 5.968098958333333 6
stats: {freemem,"tsung_controller@localhost"} 1 1323.4296875 0.0 1341.04296875 1323.203125 1326.3001302083333 6
stats: session 2 56507.98352050781 600.2264404296875 57108.2099609375 20321.205078125 32254.011271158855 6
stats: users_count 0 10
stats: finish_users_count 2 8
stats: request 2 56504.05810546875 600.217041015625 57104.275146484375 1.59716796875 12094.632064819336 16
stats: connect 0 0 0 0.41015625 0.278076171875 0.324072265625 10
stats: page 2 56504.05810546875 600.217041015625 57104.275146484375 1.59716796875 12094.632064819336 16
stats: 200 2 18
stats: size_rcv 2860 33520
stats: size_sent 0 15060
stats: connected -2 2
# stats: dump at 1525517339
stats: users 0 10
stats: {cpu,"tsung_controller@localhost"} 1 100.0 0.0 100.0 1.8596832797083316 82.91390863920515 7
stats: {load,"tsung_controller@localhost"} 1 11.05078125 0.0 11.05078125 2.30078125 6.631138392857143 7
stats: {freemem,"tsung_controller@localhost"} 1 1323.734375 0.0 1341.04296875 1323.203125 1325.8900669642858 7
stats: session 2 65615.30200195313 444.3701171875 66059.67211914063 20321.205078125 38317.504333496094 8
stats: users_count 0 10
stats: finish_users_count 2 10
stats: request 2 65611.36938476563 444.54541015625 66055.91479492188 1.59716796875 17029.012736002605 18
stats: connect 0 0 0 0.41015625 0.278076171875 0.324072265625 10
stats: page 2 65611.36938476563 444.54541015625 66055.91479492188 1.59716796875 17029.012736002605 18
stats: 200 2 20
stats: size_rcv 2860 36380
stats: size_sent 0 15060
stats: connected -2 0
EndMonitor:{1525,517339,379938}
